<?xml version="1.0" encoding="UTF-8"?>
<!-- Generated by org.testng.reporters.JUnitXMLReporter -->
<testsuite ignored="0" hostname="gbm0122" failures="1" tests="1" name="Test4" time="133.317" errors="0" timestamp="15 Jul 2024 06:31:10 GMT">
  <testcase classname="SplunkIntegration.InteractiveSplunkDashboard" name="updateSplunkDashboard" time="132.868">
    <failure type="java.lang.NullPointerException">
      <![CDATA[java.lang.NullPointerException
at SplunkIntegration.pages.CommonFunctions.downloadArtifact(CommonFunctions.java:505)
at SplunkIntegration.pages.CommonFunctions.retrieveAndSubmitHARAnalysis(CommonFunctions.java:167)
at SplunkIntegration.InteractiveSplunkDashboard.updateSplunkDashboard(InteractiveSplunkDashboard.java:30)
at java.base/java.util.concurrent.FutureTask.run(FutureTask.java:264)
at java.base/java.util.concurrent.ThreadPoolExecutor.runWorker(ThreadPoolExecutor.java:1128)
at java.base/java.util.concurrent.ThreadPoolExecutor$Worker.run(ThreadPoolExecutor.java:628)
at java.base/java.lang.Thread.run(Thread.java:829)
... Removed 16 stack frames]]>
    </failure>
  </testcase> <!-- updateSplunkDashboard -->
</testsuite> <!-- Test4 -->
