-------------------------------------------------------------------------------
Test set: TestSuite
-------------------------------------------------------------------------------
Tests run: 4, Failures: 1, Errors: 0, Skipped: 0, Time elapsed: 221.431 s <<< FAILURE! - in TestSuite
updateSplunkDashboard(SplunkIntegration.InteractiveSplunkDashboard)  Time elapsed: 132.882 s  <<< FAILURE!
java.lang.NullPointerException
	at SplunkIntegration.InteractiveSplunkDashboard.updateSplunkDashboard(InteractiveSplunkDashboard.java:30)

