<?xml version="1.0" encoding="UTF-8"?>
<testng-results ignored="0" total="4" passed="3" failed="1" skipped="0">
  <reporter-output>
  </reporter-output>
  <suite started-at="2024-07-15T06:28:56Z" name="Suite" finished-at="2024-07-15T06:32:36Z" duration-ms="219861">
    <groups>
    </groups>
    <test started-at="2024-07-15T06:28:56Z" name="Test4" finished-at="2024-07-15T06:31:10Z" duration-ms="133317">
      <class name="SplunkIntegration.InteractiveSplunkDashboard">
        <test-method is-config="true" signature="beforeTest(org.testng.ITestContext)[pri:0, instance:SplunkIntegration.InteractiveSplunkDashboard@5c2375a9]" started-at="2024-07-15T06:28:56Z" name="beforeTest" finished-at="2024-07-15T06:28:56Z" duration-ms="13" status="PASS">
          <params>
            <param index="0">
              <value>
                <![CDATA[org.testng.TestRunner@53f6fd09]]>
              </value>
            </param>
          </params>
          <reporter-output>
          </reporter-output>
        </test-method> <!-- beforeTest -->
        <test-method is-config="true" signature="beforeClass()[pri:0, instance:SplunkIntegration.InteractiveSplunkDashboard@5c2375a9]" started-at="2024-07-15T06:28:56Z" name="beforeClass" finished-at="2024-07-15T06:28:57Z" duration-ms="254" status="PASS">
          <reporter-output>
          </reporter-output>
        </test-method> <!-- beforeClass -->
        <test-method signature="updateSplunkDashboard()[pri:0, instance:SplunkIntegration.InteractiveSplunkDashboard@5c2375a9]" started-at="2024-07-15T06:28:57Z" name="updateSplunkDashboard" finished-at="2024-07-15T06:31:09Z" duration-ms="132868" status="FAIL">
          <exception class="java.lang.NullPointerException">
            <full-stacktrace>
              <![CDATA[java.lang.NullPointerException
at SplunkIntegration.pages.CommonFunctions.downloadArtifact(CommonFunctions.java:505)
at SplunkIntegration.pages.CommonFunctions.retrieveAndSubmitHARAnalysis(CommonFunctions.java:167)
at SplunkIntegration.InteractiveSplunkDashboard.updateSplunkDashboard(InteractiveSplunkDashboard.java:30)
at java.base/jdk.internal.reflect.NativeMethodAccessorImpl.invoke0(Native Method)
at java.base/jdk.internal.reflect.NativeMethodAccessorImpl.invoke(NativeMethodAccessorImpl.java:62)
at java.base/jdk.internal.reflect.DelegatingMethodAccessorImpl.invoke(DelegatingMethodAccessorImpl.java:43)
at java.base/java.lang.reflect.Method.invoke(Method.java:566)
at org.testng.internal.MethodInvocationHelper.invokeMethod(MethodInvocationHelper.java:124)
at org.testng.internal.Invoker.invokeMethod(Invoker.java:580)
at org.testng.internal.Invoker.invokeTestMethod(Invoker.java:716)
at org.testng.internal.Invoker.invokeTestMethods(Invoker.java:988)
at org.testng.internal.TestMethodWorker.invokeTestMethods(TestMethodWorker.java:125)
at org.testng.internal.TestMethodWorker.run(TestMethodWorker.java:109)
at org.testng.TestRunner.privateRun(TestRunner.java:648)
at org.testng.TestRunner.run(TestRunner.java:505)
at org.testng.SuiteRunner.runTest(SuiteRunner.java:455)
at org.testng.SuiteRunner.access$000(SuiteRunner.java:40)
at org.testng.SuiteRunner$SuiteWorker.run(SuiteRunner.java:489)
at org.testng.internal.thread.ThreadUtil$1.call(ThreadUtil.java:52)
at java.base/java.util.concurrent.FutureTask.run(FutureTask.java:264)
at java.base/java.util.concurrent.ThreadPoolExecutor.runWorker(ThreadPoolExecutor.java:1128)
at java.base/java.util.concurrent.ThreadPoolExecutor$Worker.run(ThreadPoolExecutor.java:628)
at java.base/java.lang.Thread.run(Thread.java:829)
]]>
            </full-stacktrace>
          </exception> <!-- java.lang.NullPointerException -->
          <reporter-output>
          </reporter-output>
        </test-method> <!-- updateSplunkDashboard -->
        <test-method is-config="true" signature="afterClass()[pri:0, instance:SplunkIntegration.InteractiveSplunkDashboard@5c2375a9]" started-at="2024-07-15T06:31:09Z" name="afterClass" finished-at="2024-07-15T06:31:10Z" duration-ms="167" status="PASS">
          <reporter-output>
          </reporter-output>
        </test-method> <!-- afterClass -->
        <test-method is-config="true" signature="afterTest()[pri:0, instance:SplunkIntegration.InteractiveSplunkDashboard@5c2375a9]" started-at="2024-07-15T06:31:10Z" name="afterTest" finished-at="2024-07-15T06:31:10Z" duration-ms="0" status="PASS">
          <reporter-output>
          </reporter-output>
        </test-method> <!-- afterTest -->
      </class> <!-- SplunkIntegration.InteractiveSplunkDashboard -->
    </test> <!-- Test4 -->
    <test started-at="2024-07-15T06:28:56Z" name="Test3" finished-at="2024-07-15T06:31:55Z" duration-ms="178235">
      <class name="SplunkIntegration.InteractiveSplunkDashboard">
        <test-method is-config="true" signature="beforeTest(org.testng.ITestContext)[pri:0, instance:SplunkIntegration.InteractiveSplunkDashboard@15713d56]" started-at="2024-07-15T06:28:56Z" name="beforeTest" finished-at="2024-07-15T06:28:56Z" duration-ms="12" status="PASS">
          <params>
            <param index="0">
              <value>
                <![CDATA[org.testng.TestRunner@38aa816f]]>
              </value>
            </param>
          </params>
          <reporter-output>
          </reporter-output>
        </test-method> <!-- beforeTest -->
        <test-method is-config="true" signature="beforeClass()[pri:0, instance:SplunkIntegration.InteractiveSplunkDashboard@15713d56]" started-at="2024-07-15T06:28:56Z" name="beforeClass" finished-at="2024-07-15T06:28:57Z" duration-ms="254" status="PASS">
          <reporter-output>
          </reporter-output>
        </test-method> <!-- beforeClass -->
        <test-method signature="updateSplunkDashboard()[pri:0, instance:SplunkIntegration.InteractiveSplunkDashboard@15713d56]" started-at="2024-07-15T06:28:57Z" name="updateSplunkDashboard" finished-at="2024-07-15T06:31:55Z" duration-ms="177913" status="PASS">
          <reporter-output>
          </reporter-output>
        </test-method> <!-- updateSplunkDashboard -->
        <test-method is-config="true" signature="afterClass()[pri:0, instance:SplunkIntegration.InteractiveSplunkDashboard@15713d56]" started-at="2024-07-15T06:31:55Z" name="afterClass" finished-at="2024-07-15T06:31:55Z" duration-ms="39" status="PASS">
          <reporter-output>
          </reporter-output>
        </test-method> <!-- afterClass -->
        <test-method is-config="true" signature="afterTest()[pri:0, instance:SplunkIntegration.InteractiveSplunkDashboard@15713d56]" started-at="2024-07-15T06:31:55Z" name="afterTest" finished-at="2024-07-15T06:31:55Z" duration-ms="0" status="PASS">
          <reporter-output>
          </reporter-output>
        </test-method> <!-- afterTest -->
      </class> <!-- SplunkIntegration.InteractiveSplunkDashboard -->
    </test> <!-- Test3 -->
    <test started-at="2024-07-15T06:28:56Z" name="Test2" finished-at="2024-07-15T06:32:28Z" duration-ms="211356">
      <class name="SplunkIntegration.InteractiveSplunkDashboard">
        <test-method is-config="true" signature="beforeTest(org.testng.ITestContext)[pri:0, instance:SplunkIntegration.InteractiveSplunkDashboard@2c78d320]" started-at="2024-07-15T06:28:56Z" name="beforeTest" finished-at="2024-07-15T06:28:56Z" duration-ms="12" status="PASS">
          <params>
            <param index="0">
              <value>
                <![CDATA[org.testng.TestRunner@6bffbc6d]]>
              </value>
            </param>
          </params>
          <reporter-output>
          </reporter-output>
        </test-method> <!-- beforeTest -->
        <test-method is-config="true" signature="beforeClass()[pri:0, instance:SplunkIntegration.InteractiveSplunkDashboard@2c78d320]" started-at="2024-07-15T06:28:56Z" name="beforeClass" finished-at="2024-07-15T06:28:57Z" duration-ms="254" status="PASS">
          <reporter-output>
          </reporter-output>
        </test-method> <!-- beforeClass -->
        <test-method signature="updateSplunkDashboard()[pri:0, instance:SplunkIntegration.InteractiveSplunkDashboard@2c78d320]" started-at="2024-07-15T06:28:57Z" name="updateSplunkDashboard" finished-at="2024-07-15T06:32:28Z" duration-ms="211011" status="PASS">
          <reporter-output>
          </reporter-output>
        </test-method> <!-- updateSplunkDashboard -->
        <test-method is-config="true" signature="afterClass()[pri:0, instance:SplunkIntegration.InteractiveSplunkDashboard@2c78d320]" started-at="2024-07-15T06:32:28Z" name="afterClass" finished-at="2024-07-15T06:32:28Z" duration-ms="70" status="PASS">
          <reporter-output>
          </reporter-output>
        </test-method> <!-- afterClass -->
        <test-method is-config="true" signature="afterTest()[pri:0, instance:SplunkIntegration.InteractiveSplunkDashboard@2c78d320]" started-at="2024-07-15T06:32:28Z" name="afterTest" finished-at="2024-07-15T06:32:28Z" duration-ms="0" status="PASS">
          <reporter-output>
          </reporter-output>
        </test-method> <!-- afterTest -->
      </class> <!-- SplunkIntegration.InteractiveSplunkDashboard -->
    </test> <!-- Test2 -->
    <test started-at="2024-07-15T06:28:56Z" name="Test1" finished-at="2024-07-15T06:32:36Z" duration-ms="219861">
      <class name="SplunkIntegration.InteractiveSplunkDashboard">
        <test-method is-config="true" signature="beforeTest(org.testng.ITestContext)[pri:0, instance:SplunkIntegration.InteractiveSplunkDashboard@4ff8d125]" started-at="2024-07-15T06:28:56Z" name="beforeTest" finished-at="2024-07-15T06:28:56Z" duration-ms="12" status="PASS">
          <params>
            <param index="0">
              <value>
                <![CDATA[org.testng.TestRunner@1b84f475]]>
              </value>
            </param>
          </params>
          <reporter-output>
          </reporter-output>
        </test-method> <!-- beforeTest -->
        <test-method is-config="true" signature="beforeClass()[pri:0, instance:SplunkIntegration.InteractiveSplunkDashboard@4ff8d125]" started-at="2024-07-15T06:28:56Z" name="beforeClass" finished-at="2024-07-15T06:28:57Z" duration-ms="254" status="PASS">
          <reporter-output>
          </reporter-output>
        </test-method> <!-- beforeClass -->
        <test-method signature="updateSplunkDashboard()[pri:0, instance:SplunkIntegration.InteractiveSplunkDashboard@4ff8d125]" started-at="2024-07-15T06:28:57Z" name="updateSplunkDashboard" finished-at="2024-07-15T06:32:36Z" duration-ms="219569" status="PASS">
          <reporter-output>
          </reporter-output>
        </test-method> <!-- updateSplunkDashboard -->
        <test-method is-config="true" signature="afterClass()[pri:0, instance:SplunkIntegration.InteractiveSplunkDashboard@4ff8d125]" started-at="2024-07-15T06:32:36Z" name="afterClass" finished-at="2024-07-15T06:32:36Z" duration-ms="20" status="PASS">
          <reporter-output>
          </reporter-output>
        </test-method> <!-- afterClass -->
        <test-method is-config="true" signature="afterTest()[pri:0, instance:SplunkIntegration.InteractiveSplunkDashboard@4ff8d125]" started-at="2024-07-15T06:32:36Z" name="afterTest" finished-at="2024-07-15T06:32:36Z" duration-ms="0" status="PASS">
          <reporter-output>
          </reporter-output>
        </test-method> <!-- afterTest -->
      </class> <!-- SplunkIntegration.InteractiveSplunkDashboard -->
    </test> <!-- Test1 -->
  </suite> <!-- Suite -->
</testng-results>
