<?xml version="1.0" encoding="UTF-8"?>
<testsuite xmlns:xsi="http://www.w3.org/2001/XMLSchema-instance" xsi:noNamespaceSchemaLocation="https://maven.apache.org/surefire/maven-surefire-plugin/xsd/surefire-test-report-3.0.xsd" version="3.0" name="TestSuite" time="221.431" tests="4" errors="0" skipped="0" failures="1">
  <properties>
[...]
</properties>
  <testcase name="updateSplunkDashboard" classname="SplunkIntegration.InteractiveSplunkDashboard" time="132.882">
    <failure type="java.lang.NullPointerException">java.lang.NullPointerException
	at SplunkIntegration.InteractiveSplunkDashboard.updateSplunkDashboard(InteractiveSplunkDashboard.java:30)
</failure>
    <system-out><![CDATA[[TestNGContentHandler] [WARN] It is strongly recommended to add "<!DOCTYPE suite SYSTEM "http://testng.org/testng-1.0.dtd" >" at the top of your file, otherwise TestNG may fail or not work as expected.
API Command = https://servicenow.perfectomobile.com/services/executions?operation=execute&scriptKey=PUBLIC:PerfTest_S01_NowMobileESC_UxAnalysis_12thJuly.xml&param.DUT=00008120-0006646E3AE0A01E&param.testName=ServiceNowApp_PerfTest&param.JobName=ServiceNowApp_PerfTest&param.JobNumber=8&securityToken=eyJhbGciOiJIUzI1NiIsInR5cCIgOiAiSldUIiwia2lkIiA6ICIxYmU1NzJlNy0zZGFiLTQyOTgtODAwMi1kNTcwNzhkYWQyMGMifQ.eyJpYXQiOjE3MTc3NTkyNjIsImp0aSI6ImFiNjhlMmVhLWRjOWQtNDAwYi1iODcwLWUzNzJkZDVhMzNhZSIsImlzcyI6Imh0dHBzOi8vYXV0aDkucGVyZmVjdG9tb2JpbGUuY29tL2F1dGgvcmVhbG1zL3NlcnZpY2Vub3ctcGVyZmVjdG9tb2JpbGUtY29tIiwiYXVkIjoiaHR0cHM6Ly9hdXRoOS5wZXJmZWN0b21vYmlsZS5jb20vYXV0aC9yZWFsbXMvc2VydmljZW5vdy1wZXJmZWN0b21vYmlsZS1jb20iLCJzdWIiOiIyMjI5ZDAwZC03ZTE2LTRmZTItOGE2Yy0xOGQ2NjllNWUxODQiLCJ0eXAiOiJPZmZsaW5lIiwiYXpwIjoib2ZmbGluZS10b2tlbi1nZW5lcmF0b3IiLCJub25jZSI6IjQwYTFjYTUxLTFkODQtNDcwNi04YTIyLWEwZGQ0NzBlZWUyYyIsInNlc3Npb25fc3RhdGUiOiJjMjZmYjM5Ni1kMGE4LTQ0MTctYjlhOS0wOTk0ZDE5NWI4ZDEiLCJzY29wZSI6Im9wZW5pZCBvZmZsaW5lX2FjY2VzcyBwcm9maWxlIGVtYWlsIn0.Vt7A7Oga1U_1yxe5zEyK9CV2XIIAi9IN3Uu3BRIlbOM
API Command = https://servicenow.perfectomobile.com/services/executions?operation=execute&scriptKey=PUBLIC:PerfTest_S01_NowMobileESC_UxAnalysis_12thJuly.xml&param.DUT=00008130-000C545E0A92001C&param.testName=ServiceNowApp_PerfTest&param.JobName=ServiceNowApp_PerfTest&param.JobNumber=8&securityToken=eyJhbGciOiJIUzI1NiIsInR5cCIgOiAiSldUIiwia2lkIiA6ICIxYmU1NzJlNy0zZGFiLTQyOTgtODAwMi1kNTcwNzhkYWQyMGMifQ.eyJpYXQiOjE3MTc3NTkyNjIsImp0aSI6ImFiNjhlMmVhLWRjOWQtNDAwYi1iODcwLWUzNzJkZDVhMzNhZSIsImlzcyI6Imh0dHBzOi8vYXV0aDkucGVyZmVjdG9tb2JpbGUuY29tL2F1dGgvcmVhbG1zL3NlcnZpY2Vub3ctcGVyZmVjdG9tb2JpbGUtY29tIiwiYXVkIjoiaHR0cHM6Ly9hdXRoOS5wZXJmZWN0b21vYmlsZS5jb20vYXV0aC9yZWFsbXMvc2VydmljZW5vdy1wZXJmZWN0b21vYmlsZS1jb20iLCJzdWIiOiIyMjI5ZDAwZC03ZTE2LTRmZTItOGE2Yy0xOGQ2NjllNWUxODQiLCJ0eXAiOiJPZmZsaW5lIiwiYXpwIjoib2ZmbGluZS10b2tlbi1nZW5lcmF0b3IiLCJub25jZSI6IjQwYTFjYTUxLTFkODQtNDcwNi04YTIyLWEwZGQ0NzBlZWUyYyIsInNlc3Npb25fc3RhdGUiOiJjMjZmYjM5Ni1kMGE4LTQ0MTctYjlhOS0wOTk0ZDE5NWI4ZDEiLCJzY29wZSI6Im9wZW5pZCBvZmZsaW5lX2FjY2VzcyBwcm9maWxlIGVtYWlsIn0.Vt7A7Oga1U_1yxe5zEyK9CV2XIIAi9IN3Uu3BRIlbOM
API Command = https://servicenow.perfectomobile.com/services/executions?operation=execute&scriptKey=PUBLIC:PerfTest_S01_NowMobileESC_UxAnalysis_12thJuly.xml&param.DUT=00008130-000671280ED2001C&param.testName=ServiceNowApp_PerfTest&param.JobName=ServiceNowApp_PerfTest&param.JobNumber=8&securityToken=eyJhbGciOiJIUzI1NiIsInR5cCIgOiAiSldUIiwia2lkIiA6ICIxYmU1NzJlNy0zZGFiLTQyOTgtODAwMi1kNTcwNzhkYWQyMGMifQ.eyJpYXQiOjE3MTc3NTkyNjIsImp0aSI6ImFiNjhlMmVhLWRjOWQtNDAwYi1iODcwLWUzNzJkZDVhMzNhZSIsImlzcyI6Imh0dHBzOi8vYXV0aDkucGVyZmVjdG9tb2JpbGUuY29tL2F1dGgvcmVhbG1zL3NlcnZpY2Vub3ctcGVyZmVjdG9tb2JpbGUtY29tIiwiYXVkIjoiaHR0cHM6Ly9hdXRoOS5wZXJmZWN0b21vYmlsZS5jb20vYXV0aC9yZWFsbXMvc2VydmljZW5vdy1wZXJmZWN0b21vYmlsZS1jb20iLCJzdWIiOiIyMjI5ZDAwZC03ZTE2LTRmZTItOGE2Yy0xOGQ2NjllNWUxODQiLCJ0eXAiOiJPZmZsaW5lIiwiYXpwIjoib2ZmbGluZS10b2tlbi1nZW5lcmF0b3IiLCJub25jZSI6IjQwYTFjYTUxLTFkODQtNDcwNi04YTIyLWEwZGQ0NzBlZWUyYyIsInNlc3Npb25fc3RhdGUiOiJjMjZmYjM5Ni1kMGE4LTQ0MTctYjlhOS0wOTk0ZDE5NWI4ZDEiLCJzY29wZSI6Im9wZW5pZCBvZmZsaW5lX2FjY2VzcyBwcm9maWxlIGVtYWlsIn0.Vt7A7Oga1U_1yxe5zEyK9CV2XIIAi9IN3Uu3BRIlbOM
API Command = https://servicenow.perfectomobile.com/services/executions?operation=execute&scriptKey=PUBLIC:PerfTest_S01_NowMobileESC_UxAnalysis_12thJuly.xml&param.DUT=00008120-001934890C38A01E&param.testName=ServiceNowApp_PerfTest&param.JobName=ServiceNowApp_PerfTest&param.JobNumber=8&securityToken=eyJhbGciOiJIUzI1NiIsInR5cCIgOiAiSldUIiwia2lkIiA6ICIxYmU1NzJlNy0zZGFiLTQyOTgtODAwMi1kNTcwNzhkYWQyMGMifQ.eyJpYXQiOjE3MTc3NTkyNjIsImp0aSI6ImFiNjhlMmVhLWRjOWQtNDAwYi1iODcwLWUzNzJkZDVhMzNhZSIsImlzcyI6Imh0dHBzOi8vYXV0aDkucGVyZmVjdG9tb2JpbGUuY29tL2F1dGgvcmVhbG1zL3NlcnZpY2Vub3ctcGVyZmVjdG9tb2JpbGUtY29tIiwiYXVkIjoiaHR0cHM6Ly9hdXRoOS5wZXJmZWN0b21vYmlsZS5jb20vYXV0aC9yZWFsbXMvc2VydmljZW5vdy1wZXJmZWN0b21vYmlsZS1jb20iLCJzdWIiOiIyMjI5ZDAwZC03ZTE2LTRmZTItOGE2Yy0xOGQ2NjllNWUxODQiLCJ0eXAiOiJPZmZsaW5lIiwiYXpwIjoib2ZmbGluZS10b2tlbi1nZW5lcmF0b3IiLCJub25jZSI6IjQwYTFjYTUxLTFkODQtNDcwNi04YTIyLWEwZGQ0NzBlZWUyYyIsInNlc3Npb25fc3RhdGUiOiJjMjZmYjM5Ni1kMGE4LTQ0MTctYjlhOS0wOTk0ZDE5NWI4ZDEiLCJzY29wZSI6Im9wZW5pZCBvZmZsaW5lX2FjY2VzcyBwcm9maWxlIGVtYWlsIn0.Vt7A7Oga1U_1yxe5zEyK9CV2XIIAi9IN3Uu3BRIlbOM
200 OK
{"reportPdfUrl":"https://servicenow.app.perfectomobile.com/export/api/v3/test-executions/pdf?externalId[0]=guruswamy.bm@perfectomobile.com_PerfTest_S01_NowMobileESC_UxAnalysis_12thJuly_24-07-15_06_28_58_5401&_timestamp[0]=1721024938707","executionId":"guruswamy.bm@perfectomobile.com_PerfTest_S01_NowMobileESC_UxAnalysis_12thJuly_24-07-15_06_28_58_5401","testGridReportUrl":"https://servicenow.app.perfectomobile.com/reporting/library?externalId[0]=guruswamy.bm@perfectomobile.com_PerfTest_S01_NowMobileESC_UxAnalysis_12thJuly_24-07-15_06_28_58_5401&_timestamp[0]=1721024938707","sessionId":null}
guruswamy.bm@perfectomobile.com_PerfTest_S01_NowMobileESC_UxAnalysis_12thJuly_24-07-15_06_28_58_5401
200 OK
{"reportPdfUrl":"https://servicenow.app.perfectomobile.com/export/api/v3/test-executions/pdf?externalId[0]=guruswamy.bm@perfectomobile.com_PerfTest_S01_NowMobileESC_UxAnalysis_12thJuly_24-07-15_06_28_58_5402&_timestamp[0]=1721024938754","executionId":"guruswamy.bm@perfectomobile.com_PerfTest_S01_NowMobileESC_UxAnalysis_12thJuly_24-07-15_06_28_58_5402","testGridReportUrl":"https://servicenow.app.perfectomobile.com/reporting/library?externalId[0]=guruswamy.bm@perfectomobile.com_PerfTest_S01_NowMobileESC_UxAnalysis_12thJuly_24-07-15_06_28_58_5402&_timestamp[0]=1721024938754","sessionId":null}
guruswamy.bm@perfectomobile.com_PerfTest_S01_NowMobileESC_UxAnalysis_12thJuly_24-07-15_06_28_58_5402
200 OK
{"reportPdfUrl":"https://servicenow.app.perfectomobile.com/export/api/v3/test-executions/pdf?externalId[0]=guruswamy.bm@perfectomobile.com_PerfTest_S01_NowMobileESC_UxAnalysis_12thJuly_24-07-15_06_28_58_5404&_timestamp[0]=1721024938761","executionId":"guruswamy.bm@perfectomobile.com_PerfTest_S01_NowMobileESC_UxAnalysis_12thJuly_24-07-15_06_28_58_5404","testGridReportUrl":"https://servicenow.app.perfectomobile.com/reporting/library?externalId[0]=guruswamy.bm@perfectomobile.com_PerfTest_S01_NowMobileESC_UxAnalysis_12thJuly_24-07-15_06_28_58_5404&_timestamp[0]=1721024938761","sessionId":"guruswamy.bm@perfectomobile.com_PerfTest_S01_NowMobileESC_UxAnalysis_12thJuly_24-07-15_06_28_58_5404"}
guruswamy.bm@perfectomobile.com_PerfTest_S01_NowMobileESC_UxAnalysis_12thJuly_24-07-15_06_28_58_5404
200 OK
{"reportPdfUrl":"https://servicenow.app.perfectomobile.com/export/api/v3/test-executions/pdf?externalId[0]=guruswamy.bm@perfectomobile.com_PerfTest_S01_NowMobileESC_UxAnalysis_12thJuly_24-07-15_06_28_58_5403&_timestamp[0]=1721024938783","executionId":"guruswamy.bm@perfectomobile.com_PerfTest_S01_NowMobileESC_UxAnalysis_12thJuly_24-07-15_06_28_58_5403","testGridReportUrl":"https://servicenow.app.perfectomobile.com/reporting/library?externalId[0]=guruswamy.bm@perfectomobile.com_PerfTest_S01_NowMobileESC_UxAnalysis_12thJuly_24-07-15_06_28_58_5403&_timestamp[0]=1721024938783","sessionId":"guruswamy.bm@perfectomobile.com_PerfTest_S01_NowMobileESC_UxAnalysis_12thJuly_24-07-15_06_28_58_5403"}
guruswamy.bm@perfectomobile.com_PerfTest_S01_NowMobileESC_UxAnalysis_12thJuly_24-07-15_06_28_58_5403
200 OK
200 OK
Waiting for Script completion. Script Status = Initializing   , progressPercentage = 0.0
Waiting for Script completion. Script Status = Initializing   , progressPercentage = 0.0
200 OK
Waiting for Script completion. Script Status = Initializing   , progressPercentage = 0.0
200 OK
Waiting for Script completion. Script Status = Initializing   , progressPercentage = 0.0
200 OK
Waiting for Script completion. Script Status = Running   , progressPercentage = 2.739726
200 OK
Waiting for Script completion. Script Status = Running   , progressPercentage = 2.739726
200 OK
Waiting for Script completion. Script Status = Running   , progressPercentage = 2.739726
200 OK
Waiting for Script completion. Script Status = Running   , progressPercentage = 2.739726
200 OK
Waiting for Script completion. Script Status = Running   , progressPercentage = 6.849315
200 OK
200 OK
200 OK
Waiting for Script completion. Script Status = Running   , progressPercentage = 6.849315
Waiting for Script completion. Script Status = Running   , progressPercentage = 6.849315
Waiting for Script completion. Script Status = Running   , progressPercentage = 6.849315
200 OK
Waiting for Script completion. Script Status = Running   , progressPercentage = 9.589041
200 OK
Waiting for Script completion. Script Status = Running   , progressPercentage = 9.589041
200 OK
Waiting for Script completion. Script Status = Running   , progressPercentage = 9.589041
200 OK
Waiting for Script completion. Script Status = Running   , progressPercentage = 10.958904
200 OK
200 OK
Waiting for Script completion. Script Status = Running   , progressPercentage = 10.958904
Waiting for Script completion. Script Status = Running   , progressPercentage = 10.958904
200 OK
Waiting for Script completion. Script Status = Running   , progressPercentage = 10.958904
200 OK
Waiting for Script completion. Script Status = Running   , progressPercentage = 15.068494
200 OK
Waiting for Script completion. Script Status = Running   , progressPercentage = 10.958904
200 OK
Waiting for Script completion. Script Status = Running   , progressPercentage = 24.657534
200 OK
Waiting for Script completion. Script Status = Running   , progressPercentage = 24.657534
200 OK
Waiting for Script completion. Script Status = Running   , progressPercentage = 10.958904
200 OK
200 OK
200 OK
200 OK
Waiting for Script completion. Script Status = Running   , progressPercentage = 10.958904
Waiting for Script completion. Script Status = Running   , progressPercentage = 28.767124
Waiting for Script completion. Script Status = Running   , progressPercentage = 10.958904
Waiting for Script completion. Script Status = Running   , progressPercentage = 28.767124
200 OK
200 OK
200 OK
200 OK
Waiting for Script completion. Script Status = Running   , progressPercentage = 34.246574
Waiting for Script completion. Script Status = Running   , progressPercentage = 10.958904
Waiting for Script completion. Script Status = Running   , progressPercentage = 10.958904
Waiting for Script completion. Script Status = Running   , progressPercentage = 34.246574
200 OK
Waiting for Script completion. Script Status = Running   , progressPercentage = 36.9863
200 OK
Waiting for Script completion. Script Status = Running   , progressPercentage = 10.958904
200 OK
Waiting for Script completion. Script Status = Running   , progressPercentage = 36.9863
200 OK
Waiting for Script completion. Script Status = Running   , progressPercentage = 10.958904
200 OK
200 OK
200 OK
200 OK
Waiting for Script completion. Script Status = Running   , progressPercentage = 41.09589
Waiting for Script completion. Script Status = Running   , progressPercentage = 10.958904
Waiting for Script completion. Script Status = Running   , progressPercentage = 41.09589
Waiting for Script completion. Script Status = Running   , progressPercentage = 10.958904
200 OK
Waiting for Script completion. Script Status = Running   , progressPercentage = 41.09589
200 OK
Waiting for Script completion. Script Status = Running   , progressPercentage = 41.09589
200 OK
Waiting for Script completion. Script Status = Running   , progressPercentage = 10.958904
200 OK
Waiting for Script completion. Script Status = Running   , progressPercentage = 10.958904
200 OK
Waiting for Script completion. Script Status = Running   , progressPercentage = 41.09589
200 OK
Waiting for Script completion. Script Status = Running   , progressPercentage = 10.958904
200 OK
Waiting for Script completion. Script Status = Running   , progressPercentage = 41.09589
200 OK
Waiting for Script completion. Script Status = Running   , progressPercentage = 10.958904
200 OK
Waiting for Script completion. Script Status = Running   , progressPercentage = 41.09589
200 OK
Waiting for Script completion. Script Status = Running   , progressPercentage = 21.917809
200 OK
Waiting for Script completion. Script Status = Running   , progressPercentage = 45.20548
200 OK
Waiting for Script completion. Script Status = Running   , progressPercentage = 21.917809
200 OK
Waiting for Script completion. Script Status = Running   , progressPercentage = 46.575344
200 OK
Waiting for Script completion. Script Status = Running   , progressPercentage = 21.917809
200 OK
Waiting for Script completion. Script Status = Running   , progressPercentage = 49.315067
200 OK
Waiting for Script completion. Script Status = Terminating   , progressPercentage = 21.917809
200 OK
Waiting for Script completion. Script Status = Running   , progressPercentage = 50.68493
200 OK
Waiting for Script completion. Script Status = Running   , progressPercentage = 21.917809
200 OK
Waiting for Script completion. Script Status = Running   , progressPercentage = 50.68493
200 OK
200 OK
Waiting for Script completion. Script Status = Running   , progressPercentage = 54.79452
200 OK
Waiting for Script completion. Script Status = Running   , progressPercentage = 21.917809
200 OK
Waiting for Script completion. Script Status = Running   , progressPercentage = 56.164383
200 OK
Waiting for Script completion. Script Status = Running   , progressPercentage = 56.164383
200 OK
Waiting for Script completion. Script Status = Running   , progressPercentage = 21.917809
200 OK
Waiting for Script completion. Script Status = Running   , progressPercentage = 61.643833
200 OK
Waiting for Script completion. Script Status = Running   , progressPercentage = 61.643833
200 OK
Waiting for Script completion. Script Status = Running   , progressPercentage = 21.917809
200 OK
Waiting for Script completion. Script Status = Running   , progressPercentage = 63.013695
200 OK
Waiting for Script completion. Script Status = Running   , progressPercentage = 63.013695
200 OK
Waiting for Script completion. Script Status = Running   , progressPercentage = 21.917809
SplunkIntegration.splunk.SplunkReportingCollector@34f50034
Unix timestamp for today: 1721001600000
Unix timestamp for yesterday: 1720938642000
Unix timestamp for 7 days ago: 1720420242000
Unix timestamp for 14 days ago: 1719815442000
Unix timestamp for 30 days ago: 1718433042000
12:00:42,261 |-INFO in ch.qos.logback.classic.LoggerContext[default] - Could NOT find resource [logback-test.xml]
12:00:42,261 |-INFO in ch.qos.logback.classic.LoggerContext[default] - Could NOT find resource [logback.groovy]
12:00:42,261 |-INFO in ch.qos.logback.classic.LoggerContext[default] - Found resource [logback.xml] at [file:/Users/gbm/Downloads/eclipse-workspace1/PeformanceInteractiveDashboard/target/classes/logback.xml]
12:00:42,261 |-WARN in ch.qos.logback.classic.LoggerContext[default] - Resource [logback.xml] occurs multiple times on the classpath.
12:00:42,261 |-WARN in ch.qos.logback.classic.LoggerContext[default] - Resource [logback.xml] occurs at [file:/Users/gbm/Downloads/eclipse-workspace1/PeformanceInteractiveDashboard/target/classes/logback.xml]
12:00:42,261 |-WARN in ch.qos.logback.classic.LoggerContext[default] - Resource [logback.xml] occurs at [jar:file:/Users/gbm/.m2/repository/com/perfectomobile/pm-webdriver/18.6.0.0/pm-webdriver-18.6.0.0.jar!/logback.xml]
12:00:42,288 |-INFO in ch.qos.logback.classic.joran.action.ConfigurationAction - debug attribute not set
12:00:42,289 |-INFO in ch.qos.logback.core.joran.action.StatusListenerAction - Added status listener of type [ch.qos.logback.core.status.OnConsoleStatusListener]
12:00:42,300 |-INFO in ch.qos.logback.core.joran.action.AppenderAction - About to instantiate appender of type [ch.qos.logback.core.ConsoleAppender]
12:00:42,304 |-INFO in ch.qos.logback.core.joran.action.AppenderAction - Naming appender as [STDOUT]
12:00:42,307 |-INFO in ch.qos.logback.core.joran.action.NestedComplexPropertyIA - Assuming default type [ch.qos.logback.classic.encoder.PatternLayoutEncoder] for [encoder] property
12:00:42,321 |-INFO in ch.qos.logback.classic.joran.action.RootLoggerAction - Setting level of ROOT logger to ERROR
12:00:42,321 |-INFO in ch.qos.logback.core.joran.action.AppenderRefAction - Attaching appender named [STDOUT] to Logger[ROOT]
12:00:42,322 |-INFO in ch.qos.logback.classic.joran.action.LoggerAction - Setting level of logger [org.apache.http] to ERROR
12:00:42,322 |-INFO in ch.qos.logback.classic.joran.action.LoggerAction - Setting level of logger [org.apache.http.wire] to ERROR
12:00:42,322 |-INFO in ch.qos.logback.classic.joran.action.LoggerAction - Setting level of logger [org.apache.http.impl.conn] to ERROR
12:00:42,322 |-INFO in ch.qos.logback.classic.joran.action.ConfigurationAction - End of configuration.
12:00:42,323 |-INFO in ch.qos.logback.classic.joran.JoranConfigurator@72f0c34b - Registering current configuration as safe fallback point
200 OK
Waiting for Script completion. Script Status = Running   , progressPercentage = 67.12329

****** 00008130-000671280ED2001C  Last Transaction Page Load Details *******
    Transaction Name 			Page Load Time


************************** 00008130-000671280ED2001C: Average Value of TODAY*********************************
 			****  00008130-000671280ED2001C  TODAY's Average Map ****
200 OK
Waiting for Script completion. Script Status = Running   , progressPercentage = 68.49315
200 OK
Waiting for Script completion. Script Status = Running   , progressPercentage = 21.917809
200 OK
Waiting for Script completion. Script Status = Running   , progressPercentage = 76.712326
************************** 00008130-000671280ED2001C: Average Value of YESTERDAY*********************************
 			****  00008130-000671280ED2001C  YESTERDAY's Average Map ****
200 OK
Waiting for Script completion. Script Status = Running   , progressPercentage = 76.712326
200 OK
Waiting for Script completion. Script Status = Running   , progressPercentage = 21.917809
200 OK
Waiting for Script completion. Script Status = Running   , progressPercentage = 82.19178
************************** 00008130-000671280ED2001C: Average Value of 7-DAYS-AGO*********************************
 			****  00008130-000671280ED2001C  7-DAYS-AGO Average Map ****
200 OK
Waiting for Script completion. Script Status = Running   , progressPercentage = 86.30137
200 OK
Waiting for Script completion. Script Status = Running   , progressPercentage = 21.917809
200 OK
Waiting for Script completion. Script Status = Running   , progressPercentage = 87.671234
************************** 00008130-000671280ED2001C: Average Value of 14-DAYS-AGO*********************************
 ****  00008130-000671280ED2001C  14-DAYS-AGO Average Map ****
200 OK
Waiting for Script completion. Script Status = Running   , progressPercentage = 89.0411
200 OK
Waiting for Script completion. Script Status = Running   , progressPercentage = 23.287672
200 OK
Waiting for Script completion. Script Status = Running   , progressPercentage = 89.0411
200 OK
Waiting for Script completion. Script Status = Running   , progressPercentage = 89.0411
************************** 00008130-000671280ED2001C: Average Value of 30-DAYS-AGO*********************************
https://servicenow.reporting.perfectomobile.com/export/api/v1/test-executions?externalId%5B0%5D=guruswamy.bm%40perfectomobile.com_PerfTest_S01_NowMobileESC_UxAnalysis_12thJuly_24-07-15_06_28_58_5401
200 OK
Waiting for Script completion. Script Status = Terminating   , progressPercentage = 23.287672
200 OK
Waiting for Script completion. Script Status = Running   , progressPercentage = 89.0411
Report still Generating. Waiting some more Time
]]></system-out>
  </testcase>
  <testcase name="updateSplunkDashboard" classname="SplunkIntegration.InteractiveSplunkDashboard" time="177.92"/>
  <testcase name="updateSplunkDashboard" classname="SplunkIntegration.InteractiveSplunkDashboard" time="211.011"/>
  <testcase name="updateSplunkDashboard" classname="SplunkIntegration.InteractiveSplunkDashboard" time="219.562"/>
</testsuite>